<?xml version="1.0" encoding="UTF-8"?>
<testng-results ignored="0" total="1" passed="1" failed="0" skipped="0">
  <reporter-output>
  </reporter-output>
  <suite started-at="2024-07-15T11:05:31 EEST" name="Default suite" finished-at="2024-07-15T11:05:38 EEST" duration-ms="6699">
    <groups>
      <group name="BabibetUI">
        <method signature="VerifyBalance.verifyBalanceBabibet()[pri:1, instance:FrontendTests.VerifyBalance@101639ae]" name="verifyBalanceBabibet" class="FrontendTests.VerifyBalance"/>
      </group> <!-- BabibetUI -->
    </groups>
    <test started-at="2024-07-15T11:05:31 EEST" name="Default test" finished-at="2024-07-15T11:05:38 EEST" duration-ms="6699">
      <class name="FrontendTests.VerifyBalance">
        <test-method is-config="true" signature="setUpSuite()[pri:0, instance:FrontendTests.VerifyBalance@101639ae]" started-at="2024-07-15T11:05:30 EEST" name="setUpSuite" finished-at="2024-07-15T11:05:31 EEST" duration-ms="1623" status="PASS">
          <reporter-output>
          </reporter-output>
        </test-method> <!-- setUpSuite -->
        <test-method is-config="true" signature="startReport()[pri:0, instance:FrontendTests.VerifyBalance@101639ae]" started-at="2024-07-15T11:05:31 EEST" name="startReport" finished-at="2024-07-15T11:05:31 EEST" duration-ms="198" status="PASS">
          <reporter-output>
          </reporter-output>
        </test-method> <!-- startReport -->
        <test-method is-config="true" signature="setUpMethod()[pri:0, instance:FrontendTests.VerifyBalance@101639ae]" started-at="2024-07-15T11:05:31 EEST" name="setUpMethod" finished-at="2024-07-15T11:05:34 EEST" duration-ms="2480" status="PASS">
          <reporter-output>
          </reporter-output>
        </test-method> <!-- setUpMethod -->
        <test-method signature="verifyBalanceBabibet()[pri:1, instance:FrontendTests.VerifyBalance@101639ae]" started-at="2024-07-15T11:05:34 EEST" name="verifyBalanceBabibet" description="Verifying Balance" finished-at="2024-07-15T11:05:37 EEST" duration-ms="3558" status="PASS">
          <reporter-output>
          </reporter-output>
        </test-method> <!-- verifyBalanceBabibet -->
        <test-method is-config="true" signature="tearDown()[pri:0, instance:FrontendTests.VerifyBalance@101639ae]" started-at="2024-07-15T11:05:37 EEST" name="tearDown" finished-at="2024-07-15T11:05:38 EEST" duration-ms="157" status="PASS">
          <reporter-output>
          </reporter-output>
        </test-method> <!-- tearDown -->
        <test-method is-config="true" signature="endReport()[pri:0, instance:FrontendTests.VerifyBalance@101639ae]" started-at="2024-07-15T11:05:38 EEST" name="endReport" finished-at="2024-07-15T11:05:38 EEST" duration-ms="280" status="PASS">
          <reporter-output>
          </reporter-output>
        </test-method> <!-- endReport -->
      </class> <!-- FrontendTests.VerifyBalance -->
    </test> <!-- Default test -->
  </suite> <!-- Default suite -->
</testng-results>
